2023-03-10 10:07:01.851  INFO 91052 --- [restartedMain] rf.com.EurekaClientTwoApplication        : Starting EurekaClientTwoApplication using Java 11.0.12 on DESKTOP-F0492B7 with PID 91052 (C:\Users\PARKSANGSU\eclipse_201912-workspace\multi-module-sample-sspark\eureka-client-two\build\classes\java\main started by PARKSANGSU in C:\Users\PARKSANGSU\eclipse_201912-workspace\multi-module-sample-sspark)
2023-03-10 10:07:01.858  INFO 91052 --- [restartedMain] rf.com.EurekaClientTwoApplication        : No active profile set, falling back to 1 default profile: "default"
2023-03-10 10:07:01.915  INFO 91052 --- [restartedMain] .e.DevToolsPropertyDefaultsPostProcessor : Devtools property defaults active! Set 'spring.devtools.add-properties' to 'false' to disable
2023-03-10 10:07:01.915  INFO 91052 --- [restartedMain] .e.DevToolsPropertyDefaultsPostProcessor : For additional web related logging consider setting the 'logging.level.web' property to 'DEBUG'
2023-03-10 10:07:03.791  INFO 91052 --- [restartedMain] .s.d.r.c.RepositoryConfigurationDelegate : Bootstrapping Spring Data Elasticsearch repositories in DEFAULT mode.
2023-03-10 10:07:03.821  INFO 91052 --- [restartedMain] .s.d.r.c.RepositoryConfigurationDelegate : Finished Spring Data repository scanning in 20 ms. Found 0 Elasticsearch repository interfaces.
2023-03-10 10:07:03.828  INFO 91052 --- [restartedMain] .s.d.r.c.RepositoryConfigurationDelegate : Bootstrapping Spring Data Reactive Elasticsearch repositories in DEFAULT mode.
2023-03-10 10:07:03.835  INFO 91052 --- [restartedMain] .s.d.r.c.RepositoryConfigurationDelegate : Finished Spring Data repository scanning in 6 ms. Found 0 Reactive Elasticsearch repository interfaces.
2023-03-10 10:07:04.311  INFO 91052 --- [restartedMain] o.s.cloud.context.scope.GenericScope     : BeanFactory id=52ed2771-d776-3d36-9bbb-e1932151838d
2023-03-10 10:07:05.322  INFO 91052 --- [restartedMain] o.s.b.w.embedded.tomcat.TomcatWebServer  : Tomcat initialized with port(s): 8091 (http)
2023-03-10 10:07:05.336  INFO 91052 --- [restartedMain] o.apache.catalina.core.StandardService   : Starting service [Tomcat]
2023-03-10 10:07:05.336  INFO 91052 --- [restartedMain] org.apache.catalina.core.StandardEngine  : Starting Servlet engine: [Apache Tomcat/9.0.71]
2023-03-10 10:07:05.588  INFO 91052 --- [restartedMain] o.a.c.c.C.[Tomcat].[localhost].[/]       : Initializing Spring embedded WebApplicationContext
2023-03-10 10:07:05.588  INFO 91052 --- [restartedMain] w.s.c.ServletWebServerApplicationContext : Root WebApplicationContext: initialization completed in 3672 ms
2023-03-10 10:07:07.588  INFO 91052 --- [restartedMain] o.s.b.a.e.web.EndpointLinksResolver      : Exposing 1 endpoint(s) beneath base path '/actuator'
2023-03-10 10:07:07.965  WARN 91052 --- [restartedMain] o.s.b.d.a.OptionalLiveReloadServer       : Unable to start LiveReload server
2023-03-10 10:07:09.201  INFO 91052 --- [restartedMain] DiscoveryClientOptionalArgsConfiguration : Eureka HTTP Client uses RestTemplate.
2023-03-10 10:07:09.271  WARN 91052 --- [restartedMain] iguration$LoadBalancerCaffeineWarnLogger : Spring Cloud LoadBalancer is currently working with the default cache. While this cache implementation is useful for development and tests, it's recommended to use Caffeine cache in production.You can switch to using Caffeine cache, by adding it and org.springframework.cache.caffeine.CaffeineCacheManager to the classpath.
2023-03-10 10:07:09.309  INFO 91052 --- [restartedMain] o.s.c.n.eureka.InstanceInfoFactory       : Setting initial instance status as: STARTING
2023-03-10 10:07:09.441  INFO 91052 --- [restartedMain] com.netflix.discovery.DiscoveryClient    : Initializing Eureka in region us-east-1
2023-03-10 10:07:09.461  INFO 91052 --- [restartedMain] c.n.d.s.r.aws.ConfigClusterResolver      : Resolving eureka endpoints via configuration
2023-03-10 10:07:09.516  INFO 91052 --- [restartedMain] com.netflix.discovery.DiscoveryClient    : Disable delta property : false
2023-03-10 10:07:09.517  INFO 91052 --- [restartedMain] com.netflix.discovery.DiscoveryClient    : Single vip registry refresh property : null
2023-03-10 10:07:09.517  INFO 91052 --- [restartedMain] com.netflix.discovery.DiscoveryClient    : Force full registry fetch : false
2023-03-10 10:07:09.517  INFO 91052 --- [restartedMain] com.netflix.discovery.DiscoveryClient    : Application is null : false
2023-03-10 10:07:09.517  INFO 91052 --- [restartedMain] com.netflix.discovery.DiscoveryClient    : Registered Applications size is zero : true
2023-03-10 10:07:09.517  INFO 91052 --- [restartedMain] com.netflix.discovery.DiscoveryClient    : Application version is -1: true
2023-03-10 10:07:09.518  INFO 91052 --- [restartedMain] com.netflix.discovery.DiscoveryClient    : Getting all instance registry info from the eureka server
2023-03-10 10:07:09.964  INFO 91052 --- [restartedMain] com.netflix.discovery.DiscoveryClient    : The response status is 200
2023-03-10 10:07:09.967  INFO 91052 --- [restartedMain] com.netflix.discovery.DiscoveryClient    : Starting heartbeat executor: renew interval is: 30
2023-03-10 10:07:09.971  INFO 91052 --- [restartedMain] c.n.discovery.InstanceInfoReplicator     : InstanceInfoReplicator onDemand update allowed rate per min is 4
2023-03-10 10:07:09.978  INFO 91052 --- [restartedMain] com.netflix.discovery.DiscoveryClient    : Discovery Client initialized at timestamp 1678410429977 with initial instances count: 0
2023-03-10 10:07:09.979  INFO 91052 --- [restartedMain] o.s.c.n.e.s.EurekaServiceRegistry        : Registering application EUREKA-CLIENT-TWO with eureka with status UP
2023-03-10 10:07:09.981  INFO 91052 --- [restartedMain] com.netflix.discovery.DiscoveryClient    : Saw local status change event StatusChangeEvent [timestamp=1678410429981, current=UP, previous=STARTING]
2023-03-10 10:07:09.984  INFO 91052 --- [DiscoveryClient-InstanceInfoReplicator-0] com.netflix.discovery.DiscoveryClient    : DiscoveryClient_EUREKA-CLIENT-TWO/host.docker.internal:eureka-client-two:8091: registering service...
2023-03-10 10:07:10.005  INFO 91052 --- [restartedMain] o.s.b.w.embedded.tomcat.TomcatWebServer  : Tomcat started on port(s): 8091 (http) with context path ''
2023-03-10 10:07:10.006  INFO 91052 --- [restartedMain] .s.c.n.e.s.EurekaAutoServiceRegistration : Updating port to 8091
2023-03-10 10:07:10.048  INFO 91052 --- [DiscoveryClient-InstanceInfoReplicator-0] com.netflix.discovery.DiscoveryClient    : DiscoveryClient_EUREKA-CLIENT-TWO/host.docker.internal:eureka-client-two:8091 - registration status: 204
2023-03-10 10:07:10.765  INFO 91052 --- [restartedMain] rf.com.EurekaClientTwoApplication        : Started EurekaClientTwoApplication in 10.163 seconds (JVM running for 11.182)
2023-03-10 10:07:39.978  INFO 91052 --- [DiscoveryClient-CacheRefreshExecutor-0] com.netflix.discovery.DiscoveryClient    : Disable delta property : false
2023-03-10 10:07:39.979  INFO 91052 --- [DiscoveryClient-CacheRefreshExecutor-0] com.netflix.discovery.DiscoveryClient    : Single vip registry refresh property : null
2023-03-10 10:07:39.979  INFO 91052 --- [DiscoveryClient-CacheRefreshExecutor-0] com.netflix.discovery.DiscoveryClient    : Force full registry fetch : false
2023-03-10 10:07:39.979  INFO 91052 --- [DiscoveryClient-CacheRefreshExecutor-0] com.netflix.discovery.DiscoveryClient    : Application is null : false
2023-03-10 10:07:39.979  INFO 91052 --- [DiscoveryClient-CacheRefreshExecutor-0] com.netflix.discovery.DiscoveryClient    : Registered Applications size is zero : true
2023-03-10 10:07:39.979  INFO 91052 --- [DiscoveryClient-CacheRefreshExecutor-0] com.netflix.discovery.DiscoveryClient    : Application version is -1: false
2023-03-10 10:07:39.979  INFO 91052 --- [DiscoveryClient-CacheRefreshExecutor-0] com.netflix.discovery.DiscoveryClient    : Getting all instance registry info from the eureka server
2023-03-10 10:07:40.000  INFO 91052 --- [DiscoveryClient-CacheRefreshExecutor-0] com.netflix.discovery.DiscoveryClient    : The response status is 200
2023-03-10 10:08:12.574  INFO 91052 --- [http-nio-8091-exec-1] o.a.c.c.C.[Tomcat].[localhost].[/]       : Initializing Spring DispatcherServlet 'dispatcherServlet'
2023-03-10 10:08:12.574  INFO 91052 --- [http-nio-8091-exec-1] o.s.web.servlet.DispatcherServlet        : Initializing Servlet 'dispatcherServlet'
2023-03-10 10:08:12.575  INFO 91052 --- [http-nio-8091-exec-1] o.s.web.servlet.DispatcherServlet        : Completed initialization in 0 ms
2023-03-10 10:12:09.523  INFO 91052 --- [AsyncResolver-bootstrap-executor-0] c.n.d.s.r.aws.ConfigClusterResolver      : Resolving eureka endpoints via configuration
2023-03-10 10:17:09.534  INFO 91052 --- [AsyncResolver-bootstrap-executor-0] c.n.d.s.r.aws.ConfigClusterResolver      : Resolving eureka endpoints via configuration
2023-03-10 10:22:09.544  INFO 91052 --- [AsyncResolver-bootstrap-executor-0] c.n.d.s.r.aws.ConfigClusterResolver      : Resolving eureka endpoints via configuration
2023-03-10 10:27:09.549  INFO 91052 --- [AsyncResolver-bootstrap-executor-0] c.n.d.s.r.aws.ConfigClusterResolver      : Resolving eureka endpoints via configuration
2023-03-10 10:32:09.558  INFO 91052 --- [AsyncResolver-bootstrap-executor-0] c.n.d.s.r.aws.ConfigClusterResolver      : Resolving eureka endpoints via configuration
2023-03-10 10:37:09.561  INFO 91052 --- [AsyncResolver-bootstrap-executor-0] c.n.d.s.r.aws.ConfigClusterResolver      : Resolving eureka endpoints via configuration
2023-03-10 10:42:09.562  INFO 91052 --- [AsyncResolver-bootstrap-executor-0] c.n.d.s.r.aws.ConfigClusterResolver      : Resolving eureka endpoints via configuration
2023-03-10 10:47:09.571  INFO 91052 --- [AsyncResolver-bootstrap-executor-0] c.n.d.s.r.aws.ConfigClusterResolver      : Resolving eureka endpoints via configuration
2023-03-10 10:52:09.586  INFO 91052 --- [AsyncResolver-bootstrap-executor-0] c.n.d.s.r.aws.ConfigClusterResolver      : Resolving eureka endpoints via configuration
2023-03-10 10:57:09.593  INFO 91052 --- [AsyncResolver-bootstrap-executor-0] c.n.d.s.r.aws.ConfigClusterResolver      : Resolving eureka endpoints via configuration
2023-03-10 11:02:09.599  INFO 91052 --- [AsyncResolver-bootstrap-executor-0] c.n.d.s.r.aws.ConfigClusterResolver      : Resolving eureka endpoints via configuration
2023-03-10 11:07:09.610  INFO 91052 --- [AsyncResolver-bootstrap-executor-0] c.n.d.s.r.aws.ConfigClusterResolver      : Resolving eureka endpoints via configuration
2023-03-10 11:12:09.621  INFO 91052 --- [AsyncResolver-bootstrap-executor-0] c.n.d.s.r.aws.ConfigClusterResolver      : Resolving eureka endpoints via configuration
2023-03-10 11:17:09.629  INFO 91052 --- [AsyncResolver-bootstrap-executor-0] c.n.d.s.r.aws.ConfigClusterResolver      : Resolving eureka endpoints via configuration
2023-03-10 11:22:09.640  INFO 91052 --- [AsyncResolver-bootstrap-executor-0] c.n.d.s.r.aws.ConfigClusterResolver      : Resolving eureka endpoints via configuration
2023-03-10 11:27:09.646  INFO 91052 --- [AsyncResolver-bootstrap-executor-0] c.n.d.s.r.aws.ConfigClusterResolver      : Resolving eureka endpoints via configuration
2023-03-10 11:32:09.651  INFO 91052 --- [AsyncResolver-bootstrap-executor-0] c.n.d.s.r.aws.ConfigClusterResolver      : Resolving eureka endpoints via configuration
2023-03-10 11:37:09.662  INFO 91052 --- [AsyncResolver-bootstrap-executor-0] c.n.d.s.r.aws.ConfigClusterResolver      : Resolving eureka endpoints via configuration
2023-03-10 11:42:09.668  INFO 91052 --- [AsyncResolver-bootstrap-executor-0] c.n.d.s.r.aws.ConfigClusterResolver      : Resolving eureka endpoints via configuration
2023-03-10 11:47:09.679  INFO 91052 --- [AsyncResolver-bootstrap-executor-0] c.n.d.s.r.aws.ConfigClusterResolver      : Resolving eureka endpoints via configuration
