2023-03-02 11:47:00.270 [restartedMain] INFO  rf.com.EurekaClientOneApplication - Starting EurekaClientOneApplication using Java 11.0.12 on DESKTOP-F0492B7 with PID 19960 (C:\Users\PARKSANGSU\eclipse_201912-workspace\multi-module-sample-sspark\eureka-client-one\build\classes\java\main started by PARKSANGSU in C:\Users\PARKSANGSU\eclipse_201912-workspace\multi-module-sample-sspark)
2023-03-02 11:47:00.271 [restartedMain] INFO  rf.com.EurekaClientOneApplication - No active profile set, falling back to 1 default profile: "default"
2023-03-02 11:47:00.324 [restartedMain] INFO  o.s.b.d.e.DevToolsPropertyDefaultsPostProcessor - Devtools property defaults active! Set 'spring.devtools.add-properties' to 'false' to disable
2023-03-02 11:47:00.325 [restartedMain] INFO  o.s.b.d.e.DevToolsPropertyDefaultsPostProcessor - For additional web related logging consider setting the 'logging.level.web' property to 'DEBUG'
2023-03-02 11:47:01.735 [restartedMain] INFO  o.s.d.r.c.RepositoryConfigurationDelegate - Bootstrapping Spring Data Elasticsearch repositories in DEFAULT mode.
2023-03-02 11:47:01.753 [restartedMain] INFO  o.s.d.r.c.RepositoryConfigurationDelegate - Finished Spring Data repository scanning in 13 ms. Found 0 Elasticsearch repository interfaces.
2023-03-02 11:47:01.758 [restartedMain] INFO  o.s.d.r.c.RepositoryConfigurationDelegate - Bootstrapping Spring Data Reactive Elasticsearch repositories in DEFAULT mode.
2023-03-02 11:47:01.762 [restartedMain] INFO  o.s.d.r.c.RepositoryConfigurationDelegate - Finished Spring Data repository scanning in 4 ms. Found 0 Reactive Elasticsearch repository interfaces.
2023-03-02 11:47:02.044 [restartedMain] INFO  o.s.cloud.context.scope.GenericScope - BeanFactory id=96bd9a5c-c9b7-3dc4-9a54-7824f1187269
2023-03-02 11:47:02.838 [restartedMain] INFO  o.s.b.w.e.tomcat.TomcatWebServer - Tomcat initialized with port(s): 8090 (http)
2023-03-02 11:47:02.849 [restartedMain] INFO  o.a.coyote.http11.Http11NioProtocol - Initializing ProtocolHandler ["http-nio-8090"]
2023-03-02 11:47:02.850 [restartedMain] INFO  o.a.catalina.core.StandardService - Starting service [Tomcat]
2023-03-02 11:47:02.850 [restartedMain] INFO  o.a.catalina.core.StandardEngine - Starting Servlet engine: [Apache Tomcat/9.0.71]
2023-03-02 11:47:03.051 [restartedMain] INFO  o.a.c.c.C.[Tomcat].[localhost].[/] - Initializing Spring embedded WebApplicationContext
2023-03-02 11:47:03.051 [restartedMain] INFO  o.s.b.w.s.c.ServletWebServerApplicationContext - Root WebApplicationContext: initialization completed in 2725 ms
2023-03-02 11:47:04.586 [restartedMain] INFO  o.s.b.a.e.web.EndpointLinksResolver - Exposing 1 endpoint(s) beneath base path '/actuator'
2023-03-02 11:47:04.860 [restartedMain] WARN  o.s.b.d.a.OptionalLiveReloadServer - Unable to start LiveReload server
2023-03-02 11:47:05.622 [restartedMain] INFO  o.s.c.n.e.c.DiscoveryClientOptionalArgsConfiguration - Eureka HTTP Client uses RestTemplate.
2023-03-02 11:47:05.712 [restartedMain] WARN  o.s.c.l.c.LoadBalancerCacheAutoConfiguration$LoadBalancerCaffeineWarnLogger - Spring Cloud LoadBalancer is currently working with the default cache. While this cache implementation is useful for development and tests, it's recommended to use Caffeine cache in production.You can switch to using Caffeine cache, by adding it and org.springframework.cache.caffeine.CaffeineCacheManager to the classpath.
2023-03-02 11:47:05.738 [restartedMain] INFO  o.s.c.n.eureka.InstanceInfoFactory - Setting initial instance status as: STARTING
2023-03-02 11:47:05.818 [restartedMain] INFO  c.netflix.discovery.DiscoveryClient - Initializing Eureka in region us-east-1
2023-03-02 11:47:05.825 [restartedMain] INFO  c.n.d.s.r.aws.ConfigClusterResolver - Resolving eureka endpoints via configuration
2023-03-02 11:47:05.858 [restartedMain] INFO  c.netflix.discovery.DiscoveryClient - Disable delta property : false
2023-03-02 11:47:05.859 [restartedMain] INFO  c.netflix.discovery.DiscoveryClient - Single vip registry refresh property : null
2023-03-02 11:47:05.860 [restartedMain] INFO  c.netflix.discovery.DiscoveryClient - Force full registry fetch : false
2023-03-02 11:47:05.860 [restartedMain] INFO  c.netflix.discovery.DiscoveryClient - Application is null : false
2023-03-02 11:47:05.860 [restartedMain] INFO  c.netflix.discovery.DiscoveryClient - Registered Applications size is zero : true
2023-03-02 11:47:05.860 [restartedMain] INFO  c.netflix.discovery.DiscoveryClient - Application version is -1: true
2023-03-02 11:47:05.861 [restartedMain] INFO  c.netflix.discovery.DiscoveryClient - Getting all instance registry info from the eureka server
2023-03-02 11:47:06.318 [restartedMain] INFO  c.netflix.discovery.DiscoveryClient - The response status is 200
2023-03-02 11:47:06.320 [restartedMain] INFO  c.netflix.discovery.DiscoveryClient - Starting heartbeat executor: renew interval is: 30
2023-03-02 11:47:06.322 [restartedMain] INFO  c.n.discovery.InstanceInfoReplicator - InstanceInfoReplicator onDemand update allowed rate per min is 4
2023-03-02 11:47:06.328 [restartedMain] INFO  c.netflix.discovery.DiscoveryClient - Discovery Client initialized at timestamp 1677725226327 with initial instances count: 0
2023-03-02 11:47:06.329 [restartedMain] INFO  o.s.c.n.e.s.EurekaServiceRegistry - Registering application EUREKA-CLIENT-ONE with eureka with status UP
2023-03-02 11:47:06.330 [restartedMain] INFO  c.netflix.discovery.DiscoveryClient - Saw local status change event StatusChangeEvent [timestamp=1677725226330, current=UP, previous=STARTING]
2023-03-02 11:47:06.332 [restartedMain] INFO  o.a.coyote.http11.Http11NioProtocol - Starting ProtocolHandler ["http-nio-8090"]
2023-03-02 11:47:06.332 [DiscoveryClient-InstanceInfoReplicator-0] INFO  c.netflix.discovery.DiscoveryClient - DiscoveryClient_EUREKA-CLIENT-ONE/host.docker.internal:eureka-client-one:8090: registering service...
2023-03-02 11:47:06.346 [restartedMain] INFO  o.s.b.w.e.tomcat.TomcatWebServer - Tomcat started on port(s): 8090 (http) with context path ''
2023-03-02 11:47:06.347 [restartedMain] INFO  o.s.c.n.e.s.EurekaAutoServiceRegistration - Updating port to 8090
2023-03-02 11:47:06.450 [DiscoveryClient-InstanceInfoReplicator-0] INFO  c.netflix.discovery.DiscoveryClient - DiscoveryClient_EUREKA-CLIENT-ONE/host.docker.internal:eureka-client-one:8090 - registration status: 204
2023-03-02 11:47:06.635 [restartedMain] WARN  o.s.b.w.s.c.AnnotationConfigServletWebServerApplicationContext - Exception encountered during context initialization - cancelling refresh attempt: org.springframework.context.ApplicationContextException: Failed to start bean 'documentationPluginsBootstrapper'; nested exception is java.lang.NullPointerException
2023-03-02 11:47:06.643 [restartedMain] INFO  c.netflix.discovery.DiscoveryClient - Shutting down DiscoveryClient ...
2023-03-02 11:47:09.657 [restartedMain] INFO  c.netflix.discovery.DiscoveryClient - Unregistering ...
2023-03-02 11:47:09.676 [restartedMain] INFO  c.netflix.discovery.DiscoveryClient - DiscoveryClient_EUREKA-CLIENT-ONE/host.docker.internal:eureka-client-one:8090 - deregister  status: 200
2023-03-02 11:47:09.680 [restartedMain] INFO  c.netflix.discovery.DiscoveryClient - Completed shut down of DiscoveryClient
2023-03-02 11:47:09.894 [restartedMain] INFO  o.a.coyote.http11.Http11NioProtocol - Pausing ProtocolHandler ["http-nio-8090"]
2023-03-02 11:47:09.895 [restartedMain] INFO  o.a.catalina.core.StandardService - Stopping service [Tomcat]
2023-03-02 11:47:09.901 [restartedMain] INFO  o.a.coyote.http11.Http11NioProtocol - Stopping ProtocolHandler ["http-nio-8090"]
2023-03-02 11:47:09.904 [restartedMain] INFO  o.a.coyote.http11.Http11NioProtocol - Destroying ProtocolHandler ["http-nio-8090"]
2023-03-02 11:47:09.912 [restartedMain] INFO  o.s.b.a.l.ConditionEvaluationReportLoggingListener - 

Error starting ApplicationContext. To display the conditions report re-run your application with 'debug' enabled.
2023-03-02 11:47:09.939 [restartedMain] ERROR o.s.boot.SpringApplication - Application run failed
org.springframework.context.ApplicationContextException: Failed to start bean 'documentationPluginsBootstrapper'; nested exception is java.lang.NullPointerException
	at org.springframework.context.support.DefaultLifecycleProcessor.doStart(DefaultLifecycleProcessor.java:181)
	at org.springframework.context.support.DefaultLifecycleProcessor.access$200(DefaultLifecycleProcessor.java:54)
	at org.springframework.context.support.DefaultLifecycleProcessor$LifecycleGroup.start(DefaultLifecycleProcessor.java:356)
	at java.base/java.lang.Iterable.forEach(Iterable.java:75)
	at org.springframework.context.support.DefaultLifecycleProcessor.startBeans(DefaultLifecycleProcessor.java:155)
	at org.springframework.context.support.DefaultLifecycleProcessor.onRefresh(DefaultLifecycleProcessor.java:123)
	at org.springframework.context.support.AbstractApplicationContext.finishRefresh(AbstractApplicationContext.java:935)
	at org.springframework.context.support.AbstractApplicationContext.refresh(AbstractApplicationContext.java:586)
	at org.springframework.boot.web.servlet.context.ServletWebServerApplicationContext.refresh(ServletWebServerApplicationContext.java:147)
	at org.springframework.boot.SpringApplication.refresh(SpringApplication.java:731)
	at org.springframework.boot.SpringApplication.refreshContext(SpringApplication.java:408)
	at org.springframework.boot.SpringApplication.run(SpringApplication.java:307)
	at org.springframework.boot.SpringApplication.run(SpringApplication.java:1303)
	at org.springframework.boot.SpringApplication.run(SpringApplication.java:1292)
	at rf.com.EurekaClientOneApplication.main(EurekaClientOneApplication.java:21)
	at java.base/jdk.internal.reflect.NativeMethodAccessorImpl.invoke0(Native Method)
	at java.base/jdk.internal.reflect.NativeMethodAccessorImpl.invoke(NativeMethodAccessorImpl.java:62)
	at java.base/jdk.internal.reflect.DelegatingMethodAccessorImpl.invoke(DelegatingMethodAccessorImpl.java:43)
	at java.base/java.lang.reflect.Method.invoke(Method.java:566)
	at org.springframework.boot.devtools.restart.RestartLauncher.run(RestartLauncher.java:49)
Caused by: java.lang.NullPointerException: null
	at springfox.documentation.spring.web.WebMvcPatternsRequestConditionWrapper.getPatterns(WebMvcPatternsRequestConditionWrapper.java:56)
	at springfox.documentation.RequestHandler.sortedPaths(RequestHandler.java:113)
	at springfox.documentation.spi.service.contexts.Orderings.lambda$byPatternsCondition$3(Orderings.java:89)
	at java.base/java.util.Comparator.lambda$comparing$77a9974f$1(Comparator.java:469)
	at java.base/java.util.TimSort.countRunAndMakeAscending(TimSort.java:355)
	at java.base/java.util.TimSort.sort(TimSort.java:220)
	at java.base/java.util.Arrays.sort(Arrays.java:1515)
	at java.base/java.util.ArrayList.sort(ArrayList.java:1750)
	at java.base/java.util.stream.SortedOps$RefSortingSink.end(SortedOps.java:392)
	at java.base/java.util.stream.Sink$ChainedReference.end(Sink.java:258)
	at java.base/java.util.stream.Sink$ChainedReference.end(Sink.java:258)
	at java.base/java.util.stream.Sink$ChainedReference.end(Sink.java:258)
	at java.base/java.util.stream.Sink$ChainedReference.end(Sink.java:258)
	at java.base/java.util.stream.AbstractPipeline.copyInto(AbstractPipeline.java:485)
	at java.base/java.util.stream.AbstractPipeline.wrapAndCopyInto(AbstractPipeline.java:474)
	at java.base/java.util.stream.ReduceOps$ReduceOp.evaluateSequential(ReduceOps.java:913)
	at java.base/java.util.stream.AbstractPipeline.evaluate(AbstractPipeline.java:234)
	at java.base/java.util.stream.ReferencePipeline.collect(ReferencePipeline.java:578)
	at springfox.documentation.spring.web.plugins.WebMvcRequestHandlerProvider.requestHandlers(WebMvcRequestHandlerProvider.java:81)
	at java.base/java.util.stream.ReferencePipeline$3$1.accept(ReferencePipeline.java:195)
	at java.base/java.util.ArrayList$ArrayListSpliterator.forEachRemaining(ArrayList.java:1655)
	at java.base/java.util.stream.AbstractPipeline.copyInto(AbstractPipeline.java:484)
	at java.base/java.util.stream.AbstractPipeline.wrapAndCopyInto(AbstractPipeline.java:474)
	at java.base/java.util.stream.ReduceOps$ReduceOp.evaluateSequential(ReduceOps.java:913)
	at java.base/java.util.stream.AbstractPipeline.evaluate(AbstractPipeline.java:234)
	at java.base/java.util.stream.ReferencePipeline.collect(ReferencePipeline.java:578)
	at springfox.documentation.spring.web.plugins.AbstractDocumentationPluginsBootstrapper.withDefaults(AbstractDocumentationPluginsBootstrapper.java:107)
	at springfox.documentation.spring.web.plugins.AbstractDocumentationPluginsBootstrapper.buildContext(AbstractDocumentationPluginsBootstrapper.java:91)
	at springfox.documentation.spring.web.plugins.AbstractDocumentationPluginsBootstrapper.bootstrapDocumentationPlugins(AbstractDocumentationPluginsBootstrapper.java:82)
	at springfox.documentation.spring.web.plugins.DocumentationPluginsBootstrapper.start(DocumentationPluginsBootstrapper.java:100)
	at org.springframework.context.support.DefaultLifecycleProcessor.doStart(DefaultLifecycleProcessor.java:178)
	... 19 common frames omitted
2023-03-02 13:44:58.464 [restartedMain] INFO  rf.com.EurekaClientOneApplication - Starting EurekaClientOneApplication using Java 11.0.12 on DESKTOP-F0492B7 with PID 30328 (C:\Users\PARKSANGSU\eclipse_201912-workspace\multi-module-sample-sspark\eureka-client-one\build\classes\java\main started by PARKSANGSU in C:\Users\PARKSANGSU\eclipse_201912-workspace\multi-module-sample-sspark)
2023-03-02 13:44:58.466 [restartedMain] INFO  rf.com.EurekaClientOneApplication - No active profile set, falling back to 1 default profile: "default"
2023-03-02 13:44:58.516 [restartedMain] INFO  o.s.b.d.e.DevToolsPropertyDefaultsPostProcessor - Devtools property defaults active! Set 'spring.devtools.add-properties' to 'false' to disable
2023-03-02 13:44:58.516 [restartedMain] INFO  o.s.b.d.e.DevToolsPropertyDefaultsPostProcessor - For additional web related logging consider setting the 'logging.level.web' property to 'DEBUG'
2023-03-02 13:44:59.941 [restartedMain] INFO  o.s.d.r.c.RepositoryConfigurationDelegate - Bootstrapping Spring Data Elasticsearch repositories in DEFAULT mode.
2023-03-02 13:44:59.962 [restartedMain] INFO  o.s.d.r.c.RepositoryConfigurationDelegate - Finished Spring Data repository scanning in 15 ms. Found 0 Elasticsearch repository interfaces.
2023-03-02 13:44:59.967 [restartedMain] INFO  o.s.d.r.c.RepositoryConfigurationDelegate - Bootstrapping Spring Data Reactive Elasticsearch repositories in DEFAULT mode.
2023-03-02 13:44:59.972 [restartedMain] INFO  o.s.d.r.c.RepositoryConfigurationDelegate - Finished Spring Data repository scanning in 4 ms. Found 0 Reactive Elasticsearch repository interfaces.
2023-03-02 13:45:00.250 [restartedMain] INFO  o.s.cloud.context.scope.GenericScope - BeanFactory id=96bd9a5c-c9b7-3dc4-9a54-7824f1187269
2023-03-02 13:45:01.009 [restartedMain] INFO  o.s.b.w.e.tomcat.TomcatWebServer - Tomcat initialized with port(s): 8090 (http)
2023-03-02 13:45:01.021 [restartedMain] INFO  o.a.coyote.http11.Http11NioProtocol - Initializing ProtocolHandler ["http-nio-8090"]
2023-03-02 13:45:01.022 [restartedMain] INFO  o.a.catalina.core.StandardService - Starting service [Tomcat]
2023-03-02 13:45:01.023 [restartedMain] INFO  o.a.catalina.core.StandardEngine - Starting Servlet engine: [Apache Tomcat/9.0.69]
2023-03-02 13:45:01.207 [restartedMain] INFO  o.a.c.c.C.[Tomcat].[localhost].[/] - Initializing Spring embedded WebApplicationContext
2023-03-02 13:45:01.208 [restartedMain] INFO  o.s.b.w.s.c.ServletWebServerApplicationContext - Root WebApplicationContext: initialization completed in 2691 ms
2023-03-02 13:45:02.590 [restartedMain] INFO  o.s.b.a.e.web.EndpointLinksResolver - Exposing 1 endpoint(s) beneath base path '/actuator'
2023-03-02 13:45:02.822 [restartedMain] WARN  o.s.b.d.a.OptionalLiveReloadServer - Unable to start LiveReload server
2023-03-02 13:45:03.560 [restartedMain] INFO  o.s.c.n.e.c.DiscoveryClientOptionalArgsConfiguration - Eureka HTTP Client uses RestTemplate.
2023-03-02 13:45:03.630 [restartedMain] WARN  o.s.c.l.c.LoadBalancerCacheAutoConfiguration$LoadBalancerCaffeineWarnLogger - Spring Cloud LoadBalancer is currently working with the default cache. While this cache implementation is useful for development and tests, it's recommended to use Caffeine cache in production.You can switch to using Caffeine cache, by adding it and org.springframework.cache.caffeine.CaffeineCacheManager to the classpath.
2023-03-02 13:45:03.661 [restartedMain] INFO  o.s.c.n.eureka.InstanceInfoFactory - Setting initial instance status as: STARTING
2023-03-02 13:45:03.741 [restartedMain] INFO  c.netflix.discovery.DiscoveryClient - Initializing Eureka in region us-east-1
2023-03-02 13:45:03.751 [restartedMain] INFO  c.n.d.s.r.aws.ConfigClusterResolver - Resolving eureka endpoints via configuration
2023-03-02 13:45:03.783 [restartedMain] INFO  c.netflix.discovery.DiscoveryClient - Disable delta property : false
2023-03-02 13:45:03.783 [restartedMain] INFO  c.netflix.discovery.DiscoveryClient - Single vip registry refresh property : null
2023-03-02 13:45:03.783 [restartedMain] INFO  c.netflix.discovery.DiscoveryClient - Force full registry fetch : false
2023-03-02 13:45:03.783 [restartedMain] INFO  c.netflix.discovery.DiscoveryClient - Application is null : false
2023-03-02 13:45:03.783 [restartedMain] INFO  c.netflix.discovery.DiscoveryClient - Registered Applications size is zero : true
2023-03-02 13:45:03.783 [restartedMain] INFO  c.netflix.discovery.DiscoveryClient - Application version is -1: true
2023-03-02 13:45:03.784 [restartedMain] INFO  c.netflix.discovery.DiscoveryClient - Getting all instance registry info from the eureka server
2023-03-02 13:45:04.055 [restartedMain] INFO  c.netflix.discovery.DiscoveryClient - The response status is 200
2023-03-02 13:45:04.057 [restartedMain] INFO  c.netflix.discovery.DiscoveryClient - Starting heartbeat executor: renew interval is: 30
2023-03-02 13:45:04.059 [restartedMain] INFO  c.n.discovery.InstanceInfoReplicator - InstanceInfoReplicator onDemand update allowed rate per min is 4
2023-03-02 13:45:04.064 [restartedMain] INFO  c.netflix.discovery.DiscoveryClient - Discovery Client initialized at timestamp 1677732304064 with initial instances count: 0
2023-03-02 13:45:04.065 [restartedMain] INFO  o.s.c.n.e.s.EurekaServiceRegistry - Registering application EUREKA-CLIENT-ONE with eureka with status UP
2023-03-02 13:45:04.066 [restartedMain] INFO  c.netflix.discovery.DiscoveryClient - Saw local status change event StatusChangeEvent [timestamp=1677732304066, current=UP, previous=STARTING]
2023-03-02 13:45:04.067 [restartedMain] INFO  o.a.coyote.http11.Http11NioProtocol - Starting ProtocolHandler ["http-nio-8090"]
2023-03-02 13:45:04.068 [DiscoveryClient-InstanceInfoReplicator-0] INFO  c.netflix.discovery.DiscoveryClient - DiscoveryClient_EUREKA-CLIENT-ONE/host.docker.internal:eureka-client-one:8090: registering service...
2023-03-02 13:45:04.081 [restartedMain] INFO  o.s.b.w.e.tomcat.TomcatWebServer - Tomcat started on port(s): 8090 (http) with context path ''
2023-03-02 13:45:04.082 [restartedMain] INFO  o.s.c.n.e.s.EurekaAutoServiceRegistration - Updating port to 8090
2023-03-02 13:45:04.110 [DiscoveryClient-InstanceInfoReplicator-0] INFO  c.netflix.discovery.DiscoveryClient - DiscoveryClient_EUREKA-CLIENT-ONE/host.docker.internal:eureka-client-one:8090 - registration status: 204
2023-03-02 13:45:04.361 [restartedMain] WARN  o.s.b.w.s.c.AnnotationConfigServletWebServerApplicationContext - Exception encountered during context initialization - cancelling refresh attempt: org.springframework.context.ApplicationContextException: Failed to start bean 'documentationPluginsBootstrapper'; nested exception is java.lang.NullPointerException
2023-03-02 13:45:04.370 [restartedMain] INFO  c.netflix.discovery.DiscoveryClient - Shutting down DiscoveryClient ...
2023-03-02 13:45:07.386 [restartedMain] INFO  c.netflix.discovery.DiscoveryClient - Unregistering ...
2023-03-02 13:45:07.402 [restartedMain] INFO  c.netflix.discovery.DiscoveryClient - DiscoveryClient_EUREKA-CLIENT-ONE/host.docker.internal:eureka-client-one:8090 - deregister  status: 200
2023-03-02 13:45:07.405 [restartedMain] INFO  c.netflix.discovery.DiscoveryClient - Completed shut down of DiscoveryClient
2023-03-02 13:45:07.611 [restartedMain] INFO  o.a.coyote.http11.Http11NioProtocol - Pausing ProtocolHandler ["http-nio-8090"]
2023-03-02 13:45:07.611 [restartedMain] INFO  o.a.catalina.core.StandardService - Stopping service [Tomcat]
2023-03-02 13:45:07.618 [restartedMain] INFO  o.a.coyote.http11.Http11NioProtocol - Stopping ProtocolHandler ["http-nio-8090"]
2023-03-02 13:45:07.620 [restartedMain] INFO  o.a.coyote.http11.Http11NioProtocol - Destroying ProtocolHandler ["http-nio-8090"]
2023-03-02 13:45:07.630 [restartedMain] INFO  o.s.b.a.l.ConditionEvaluationReportLoggingListener - 

Error starting ApplicationContext. To display the conditions report re-run your application with 'debug' enabled.
2023-03-02 13:45:07.657 [restartedMain] ERROR o.s.boot.SpringApplication - Application run failed
org.springframework.context.ApplicationContextException: Failed to start bean 'documentationPluginsBootstrapper'; nested exception is java.lang.NullPointerException
	at org.springframework.context.support.DefaultLifecycleProcessor.doStart(DefaultLifecycleProcessor.java:181)
	at org.springframework.context.support.DefaultLifecycleProcessor.access$200(DefaultLifecycleProcessor.java:54)
	at org.springframework.context.support.DefaultLifecycleProcessor$LifecycleGroup.start(DefaultLifecycleProcessor.java:356)
	at java.base/java.lang.Iterable.forEach(Iterable.java:75)
	at org.springframework.context.support.DefaultLifecycleProcessor.startBeans(DefaultLifecycleProcessor.java:155)
	at org.springframework.context.support.DefaultLifecycleProcessor.onRefresh(DefaultLifecycleProcessor.java:123)
	at org.springframework.context.support.AbstractApplicationContext.finishRefresh(AbstractApplicationContext.java:935)
	at org.springframework.context.support.AbstractApplicationContext.refresh(AbstractApplicationContext.java:586)
	at org.springframework.boot.web.servlet.context.ServletWebServerApplicationContext.refresh(ServletWebServerApplicationContext.java:147)
	at org.springframework.boot.SpringApplication.refresh(SpringApplication.java:731)
	at org.springframework.boot.SpringApplication.refreshContext(SpringApplication.java:408)
	at org.springframework.boot.SpringApplication.run(SpringApplication.java:307)
	at org.springframework.boot.SpringApplication.run(SpringApplication.java:1303)
	at org.springframework.boot.SpringApplication.run(SpringApplication.java:1292)
	at rf.com.EurekaClientOneApplication.main(EurekaClientOneApplication.java:22)
	at java.base/jdk.internal.reflect.NativeMethodAccessorImpl.invoke0(Native Method)
	at java.base/jdk.internal.reflect.NativeMethodAccessorImpl.invoke(NativeMethodAccessorImpl.java:62)
	at java.base/jdk.internal.reflect.DelegatingMethodAccessorImpl.invoke(DelegatingMethodAccessorImpl.java:43)
	at java.base/java.lang.reflect.Method.invoke(Method.java:566)
	at org.springframework.boot.devtools.restart.RestartLauncher.run(RestartLauncher.java:49)
Caused by: java.lang.NullPointerException: null
	at springfox.documentation.spring.web.WebMvcPatternsRequestConditionWrapper.getPatterns(WebMvcPatternsRequestConditionWrapper.java:56)
	at springfox.documentation.RequestHandler.sortedPaths(RequestHandler.java:113)
	at springfox.documentation.spi.service.contexts.Orderings.lambda$byPatternsCondition$3(Orderings.java:89)
	at java.base/java.util.Comparator.lambda$comparing$77a9974f$1(Comparator.java:469)
	at java.base/java.util.TimSort.countRunAndMakeAscending(TimSort.java:355)
	at java.base/java.util.TimSort.sort(TimSort.java:220)
	at java.base/java.util.Arrays.sort(Arrays.java:1515)
	at java.base/java.util.ArrayList.sort(ArrayList.java:1750)
	at java.base/java.util.stream.SortedOps$RefSortingSink.end(SortedOps.java:392)
	at java.base/java.util.stream.Sink$ChainedReference.end(Sink.java:258)
	at java.base/java.util.stream.Sink$ChainedReference.end(Sink.java:258)
	at java.base/java.util.stream.Sink$ChainedReference.end(Sink.java:258)
	at java.base/java.util.stream.Sink$ChainedReference.end(Sink.java:258)
	at java.base/java.util.stream.AbstractPipeline.copyInto(AbstractPipeline.java:485)
	at java.base/java.util.stream.AbstractPipeline.wrapAndCopyInto(AbstractPipeline.java:474)
	at java.base/java.util.stream.ReduceOps$ReduceOp.evaluateSequential(ReduceOps.java:913)
	at java.base/java.util.stream.AbstractPipeline.evaluate(AbstractPipeline.java:234)
	at java.base/java.util.stream.ReferencePipeline.collect(ReferencePipeline.java:578)
	at springfox.documentation.spring.web.plugins.WebMvcRequestHandlerProvider.requestHandlers(WebMvcRequestHandlerProvider.java:81)
	at java.base/java.util.stream.ReferencePipeline$3$1.accept(ReferencePipeline.java:195)
	at java.base/java.util.ArrayList$ArrayListSpliterator.forEachRemaining(ArrayList.java:1655)
	at java.base/java.util.stream.AbstractPipeline.copyInto(AbstractPipeline.java:484)
	at java.base/java.util.stream.AbstractPipeline.wrapAndCopyInto(AbstractPipeline.java:474)
	at java.base/java.util.stream.ReduceOps$ReduceOp.evaluateSequential(ReduceOps.java:913)
	at java.base/java.util.stream.AbstractPipeline.evaluate(AbstractPipeline.java:234)
	at java.base/java.util.stream.ReferencePipeline.collect(ReferencePipeline.java:578)
	at springfox.documentation.spring.web.plugins.AbstractDocumentationPluginsBootstrapper.withDefaults(AbstractDocumentationPluginsBootstrapper.java:107)
	at springfox.documentation.spring.web.plugins.AbstractDocumentationPluginsBootstrapper.buildContext(AbstractDocumentationPluginsBootstrapper.java:91)
	at springfox.documentation.spring.web.plugins.AbstractDocumentationPluginsBootstrapper.bootstrapDocumentationPlugins(AbstractDocumentationPluginsBootstrapper.java:82)
	at springfox.documentation.spring.web.plugins.DocumentationPluginsBootstrapper.start(DocumentationPluginsBootstrapper.java:100)
	at org.springframework.context.support.DefaultLifecycleProcessor.doStart(DefaultLifecycleProcessor.java:178)
	... 19 common frames omitted
2023-03-02 13:50:31.107 [restartedMain] INFO  rf.com.EurekaClientOneApplication - Starting EurekaClientOneApplication using Java 11.0.12 on DESKTOP-F0492B7 with PID 33816 (C:\Users\PARKSANGSU\eclipse_201912-workspace\multi-module-sample-sspark\eureka-client-one\build\classes\java\main started by PARKSANGSU in C:\Users\PARKSANGSU\eclipse_201912-workspace\multi-module-sample-sspark)
2023-03-02 13:50:31.108 [restartedMain] INFO  rf.com.EurekaClientOneApplication - No active profile set, falling back to 1 default profile: "default"
2023-03-02 13:50:31.160 [restartedMain] INFO  o.s.b.d.e.DevToolsPropertyDefaultsPostProcessor - Devtools property defaults active! Set 'spring.devtools.add-properties' to 'false' to disable
2023-03-02 13:50:31.161 [restartedMain] INFO  o.s.b.d.e.DevToolsPropertyDefaultsPostProcessor - For additional web related logging consider setting the 'logging.level.web' property to 'DEBUG'
2023-03-02 13:50:32.679 [restartedMain] INFO  o.s.d.r.c.RepositoryConfigurationDelegate - Bootstrapping Spring Data Elasticsearch repositories in DEFAULT mode.
2023-03-02 13:50:32.698 [restartedMain] INFO  o.s.d.r.c.RepositoryConfigurationDelegate - Finished Spring Data repository scanning in 13 ms. Found 0 Elasticsearch repository interfaces.
2023-03-02 13:50:32.703 [restartedMain] INFO  o.s.d.r.c.RepositoryConfigurationDelegate - Bootstrapping Spring Data Reactive Elasticsearch repositories in DEFAULT mode.
2023-03-02 13:50:32.708 [restartedMain] INFO  o.s.d.r.c.RepositoryConfigurationDelegate - Finished Spring Data repository scanning in 4 ms. Found 0 Reactive Elasticsearch repository interfaces.
2023-03-02 13:50:33.028 [restartedMain] INFO  o.s.cloud.context.scope.GenericScope - BeanFactory id=a834cb9a-8397-3737-869a-2a5ae5b73649
2023-03-02 13:50:33.785 [restartedMain] INFO  o.s.b.w.e.tomcat.TomcatWebServer - Tomcat initialized with port(s): 8090 (http)
2023-03-02 13:50:33.801 [restartedMain] INFO  o.a.coyote.http11.Http11NioProtocol - Initializing ProtocolHandler ["http-nio-8090"]
2023-03-02 13:50:33.801 [restartedMain] INFO  o.a.catalina.core.StandardService - Starting service [Tomcat]
2023-03-02 13:50:33.802 [restartedMain] INFO  o.a.catalina.core.StandardEngine - Starting Servlet engine: [Apache Tomcat/9.0.69]
2023-03-02 13:50:33.987 [restartedMain] INFO  o.a.c.c.C.[Tomcat].[localhost].[/] - Initializing Spring embedded WebApplicationContext
2023-03-02 13:50:33.988 [restartedMain] INFO  o.s.b.w.s.c.ServletWebServerApplicationContext - Root WebApplicationContext: initialization completed in 2827 ms
2023-03-02 13:50:35.408 [restartedMain] INFO  o.s.b.a.e.web.EndpointLinksResolver - Exposing 1 endpoint(s) beneath base path '/actuator'
2023-03-02 13:50:35.670 [restartedMain] WARN  o.s.b.d.a.OptionalLiveReloadServer - Unable to start LiveReload server
2023-03-02 13:50:36.407 [restartedMain] INFO  o.s.c.n.e.c.DiscoveryClientOptionalArgsConfiguration - Eureka HTTP Client uses RestTemplate.
2023-03-02 13:50:36.482 [restartedMain] WARN  o.s.c.l.c.LoadBalancerCacheAutoConfiguration$LoadBalancerCaffeineWarnLogger - Spring Cloud LoadBalancer is currently working with the default cache. While this cache implementation is useful for development and tests, it's recommended to use Caffeine cache in production.You can switch to using Caffeine cache, by adding it and org.springframework.cache.caffeine.CaffeineCacheManager to the classpath.
2023-03-02 13:50:36.509 [restartedMain] INFO  o.s.c.n.eureka.InstanceInfoFactory - Setting initial instance status as: STARTING
2023-03-02 13:50:36.593 [restartedMain] INFO  c.netflix.discovery.DiscoveryClient - Initializing Eureka in region us-east-1
2023-03-02 13:50:36.600 [restartedMain] INFO  c.n.d.s.r.aws.ConfigClusterResolver - Resolving eureka endpoints via configuration
2023-03-02 13:50:36.637 [restartedMain] INFO  c.netflix.discovery.DiscoveryClient - Disable delta property : false
2023-03-02 13:50:36.637 [restartedMain] INFO  c.netflix.discovery.DiscoveryClient - Single vip registry refresh property : null
2023-03-02 13:50:36.638 [restartedMain] INFO  c.netflix.discovery.DiscoveryClient - Force full registry fetch : false
2023-03-02 13:50:36.638 [restartedMain] INFO  c.netflix.discovery.DiscoveryClient - Application is null : false
2023-03-02 13:50:36.638 [restartedMain] INFO  c.netflix.discovery.DiscoveryClient - Registered Applications size is zero : true
2023-03-02 13:50:36.638 [restartedMain] INFO  c.netflix.discovery.DiscoveryClient - Application version is -1: true
2023-03-02 13:50:36.638 [restartedMain] INFO  c.netflix.discovery.DiscoveryClient - Getting all instance registry info from the eureka server
2023-03-02 13:50:36.977 [restartedMain] INFO  c.netflix.discovery.DiscoveryClient - The response status is 200
2023-03-02 13:50:36.979 [restartedMain] INFO  c.netflix.discovery.DiscoveryClient - Starting heartbeat executor: renew interval is: 30
2023-03-02 13:50:36.981 [restartedMain] INFO  c.n.discovery.InstanceInfoReplicator - InstanceInfoReplicator onDemand update allowed rate per min is 4
2023-03-02 13:50:36.986 [restartedMain] INFO  c.netflix.discovery.DiscoveryClient - Discovery Client initialized at timestamp 1677732636986 with initial instances count: 0
2023-03-02 13:50:36.988 [restartedMain] INFO  o.s.c.n.e.s.EurekaServiceRegistry - Registering application EUREKA-CLIENT-ONE with eureka with status UP
2023-03-02 13:50:36.988 [restartedMain] INFO  c.netflix.discovery.DiscoveryClient - Saw local status change event StatusChangeEvent [timestamp=1677732636988, current=UP, previous=STARTING]
2023-03-02 13:50:36.990 [restartedMain] INFO  o.a.coyote.http11.Http11NioProtocol - Starting ProtocolHandler ["http-nio-8090"]
2023-03-02 13:50:36.990 [DiscoveryClient-InstanceInfoReplicator-0] INFO  c.netflix.discovery.DiscoveryClient - DiscoveryClient_EUREKA-CLIENT-ONE/host.docker.internal:eureka-client-one:8090: registering service...
2023-03-02 13:50:37.006 [restartedMain] INFO  o.s.b.w.e.tomcat.TomcatWebServer - Tomcat started on port(s): 8090 (http) with context path ''
2023-03-02 13:50:37.007 [restartedMain] INFO  o.s.c.n.e.s.EurekaAutoServiceRegistration - Updating port to 8090
2023-03-02 13:50:37.035 [DiscoveryClient-InstanceInfoReplicator-0] INFO  c.netflix.discovery.DiscoveryClient - DiscoveryClient_EUREKA-CLIENT-ONE/host.docker.internal:eureka-client-one:8090 - registration status: 204
2023-03-02 13:50:37.432 [restartedMain] INFO  rf.com.EurekaClientOneApplication - Started EurekaClientOneApplication in 7.378 seconds (JVM running for 8.138)
2023-03-02 13:51:06.984 [DiscoveryClient-CacheRefreshExecutor-0] INFO  c.netflix.discovery.DiscoveryClient - Disable delta property : false
2023-03-02 13:51:06.985 [DiscoveryClient-CacheRefreshExecutor-0] INFO  c.netflix.discovery.DiscoveryClient - Single vip registry refresh property : null
2023-03-02 13:51:06.985 [DiscoveryClient-CacheRefreshExecutor-0] INFO  c.netflix.discovery.DiscoveryClient - Force full registry fetch : false
2023-03-02 13:51:06.986 [DiscoveryClient-CacheRefreshExecutor-0] INFO  c.netflix.discovery.DiscoveryClient - Application is null : false
2023-03-02 13:51:06.986 [DiscoveryClient-CacheRefreshExecutor-0] INFO  c.netflix.discovery.DiscoveryClient - Registered Applications size is zero : true
2023-03-02 13:51:06.986 [DiscoveryClient-CacheRefreshExecutor-0] INFO  c.netflix.discovery.DiscoveryClient - Application version is -1: false
2023-03-02 13:51:06.986 [DiscoveryClient-CacheRefreshExecutor-0] INFO  c.netflix.discovery.DiscoveryClient - Getting all instance registry info from the eureka server
2023-03-02 13:51:07.018 [DiscoveryClient-CacheRefreshExecutor-0] INFO  c.netflix.discovery.DiscoveryClient - The response status is 200
2023-03-02 13:55:36.650 [AsyncResolver-bootstrap-executor-0] INFO  c.n.d.s.r.aws.ConfigClusterResolver - Resolving eureka endpoints via configuration
2023-03-02 13:56:44.551 [restartedMain] INFO  rf.com.EurekaClientOneApplication - Starting EurekaClientOneApplication using Java 11.0.12 on DESKTOP-F0492B7 with PID 11040 (C:\Users\PARKSANGSU\eclipse_201912-workspace\multi-module-sample-sspark\eureka-client-one\build\classes\java\main started by PARKSANGSU in C:\Users\PARKSANGSU\eclipse_201912-workspace\multi-module-sample-sspark)
2023-03-02 13:56:44.552 [restartedMain] INFO  rf.com.EurekaClientOneApplication - No active profile set, falling back to 1 default profile: "default"
2023-03-02 13:56:44.603 [restartedMain] INFO  o.s.b.d.e.DevToolsPropertyDefaultsPostProcessor - Devtools property defaults active! Set 'spring.devtools.add-properties' to 'false' to disable
2023-03-02 13:56:44.604 [restartedMain] INFO  o.s.b.d.e.DevToolsPropertyDefaultsPostProcessor - For additional web related logging consider setting the 'logging.level.web' property to 'DEBUG'
2023-03-02 13:56:45.927 [restartedMain] INFO  o.s.d.r.c.RepositoryConfigurationDelegate - Bootstrapping Spring Data Elasticsearch repositories in DEFAULT mode.
2023-03-02 13:56:45.945 [restartedMain] INFO  o.s.d.r.c.RepositoryConfigurationDelegate - Finished Spring Data repository scanning in 13 ms. Found 0 Elasticsearch repository interfaces.
2023-03-02 13:56:45.949 [restartedMain] INFO  o.s.d.r.c.RepositoryConfigurationDelegate - Bootstrapping Spring Data Reactive Elasticsearch repositories in DEFAULT mode.
2023-03-02 13:56:45.954 [restartedMain] INFO  o.s.d.r.c.RepositoryConfigurationDelegate - Finished Spring Data repository scanning in 4 ms. Found 0 Reactive Elasticsearch repository interfaces.
2023-03-02 13:56:46.235 [restartedMain] INFO  o.s.cloud.context.scope.GenericScope - BeanFactory id=a834cb9a-8397-3737-869a-2a5ae5b73649
2023-03-02 13:56:47.031 [restartedMain] INFO  o.s.b.w.e.tomcat.TomcatWebServer - Tomcat initialized with port(s): 8090 (http)
2023-03-02 13:56:47.043 [restartedMain] INFO  o.a.coyote.http11.Http11NioProtocol - Initializing ProtocolHandler ["http-nio-8090"]
2023-03-02 13:56:47.044 [restartedMain] INFO  o.a.catalina.core.StandardService - Starting service [Tomcat]
2023-03-02 13:56:47.045 [restartedMain] INFO  o.a.catalina.core.StandardEngine - Starting Servlet engine: [Apache Tomcat/9.0.69]
2023-03-02 13:56:47.222 [restartedMain] INFO  o.a.c.c.C.[Tomcat].[localhost].[/] - Initializing Spring embedded WebApplicationContext
2023-03-02 13:56:47.222 [restartedMain] INFO  o.s.b.w.s.c.ServletWebServerApplicationContext - Root WebApplicationContext: initialization completed in 2618 ms
2023-03-02 13:56:48.615 [restartedMain] INFO  o.s.b.a.e.web.EndpointLinksResolver - Exposing 1 endpoint(s) beneath base path '/actuator'
2023-03-02 13:56:48.882 [restartedMain] WARN  o.s.b.d.a.OptionalLiveReloadServer - Unable to start LiveReload server
2023-03-02 13:56:49.634 [restartedMain] INFO  o.s.c.n.e.c.DiscoveryClientOptionalArgsConfiguration - Eureka HTTP Client uses RestTemplate.
2023-03-02 13:56:49.715 [restartedMain] WARN  o.s.c.l.c.LoadBalancerCacheAutoConfiguration$LoadBalancerCaffeineWarnLogger - Spring Cloud LoadBalancer is currently working with the default cache. While this cache implementation is useful for development and tests, it's recommended to use Caffeine cache in production.You can switch to using Caffeine cache, by adding it and org.springframework.cache.caffeine.CaffeineCacheManager to the classpath.
2023-03-02 13:56:49.740 [restartedMain] INFO  o.s.c.n.eureka.InstanceInfoFactory - Setting initial instance status as: STARTING
2023-03-02 13:56:49.819 [restartedMain] INFO  c.netflix.discovery.DiscoveryClient - Initializing Eureka in region us-east-1
2023-03-02 13:56:49.828 [restartedMain] INFO  c.n.d.s.r.aws.ConfigClusterResolver - Resolving eureka endpoints via configuration
2023-03-02 13:56:49.868 [restartedMain] INFO  c.netflix.discovery.DiscoveryClient - Disable delta property : false
2023-03-02 13:56:49.868 [restartedMain] INFO  c.netflix.discovery.DiscoveryClient - Single vip registry refresh property : null
2023-03-02 13:56:49.868 [restartedMain] INFO  c.netflix.discovery.DiscoveryClient - Force full registry fetch : false
2023-03-02 13:56:49.869 [restartedMain] INFO  c.netflix.discovery.DiscoveryClient - Application is null : false
2023-03-02 13:56:49.869 [restartedMain] INFO  c.netflix.discovery.DiscoveryClient - Registered Applications size is zero : true
2023-03-02 13:56:49.869 [restartedMain] INFO  c.netflix.discovery.DiscoveryClient - Application version is -1: true
2023-03-02 13:56:49.869 [restartedMain] INFO  c.netflix.discovery.DiscoveryClient - Getting all instance registry info from the eureka server
2023-03-02 13:56:50.117 [restartedMain] INFO  c.netflix.discovery.DiscoveryClient - The response status is 200
2023-03-02 13:56:50.120 [restartedMain] INFO  c.netflix.discovery.DiscoveryClient - Starting heartbeat executor: renew interval is: 30
2023-03-02 13:56:50.122 [restartedMain] INFO  c.n.discovery.InstanceInfoReplicator - InstanceInfoReplicator onDemand update allowed rate per min is 4
2023-03-02 13:56:50.126 [restartedMain] INFO  c.netflix.discovery.DiscoveryClient - Discovery Client initialized at timestamp 1677733010126 with initial instances count: 1
2023-03-02 13:56:50.127 [restartedMain] INFO  o.s.c.n.e.s.EurekaServiceRegistry - Registering application EUREKA-CLIENT-ONE with eureka with status UP
2023-03-02 13:56:50.127 [restartedMain] INFO  c.netflix.discovery.DiscoveryClient - Saw local status change event StatusChangeEvent [timestamp=1677733010127, current=UP, previous=STARTING]
2023-03-02 13:56:50.129 [restartedMain] INFO  o.a.coyote.http11.Http11NioProtocol - Starting ProtocolHandler ["http-nio-8090"]
2023-03-02 13:56:50.129 [DiscoveryClient-InstanceInfoReplicator-0] INFO  c.netflix.discovery.DiscoveryClient - DiscoveryClient_EUREKA-CLIENT-ONE/host.docker.internal:eureka-client-one:8090: registering service...
2023-03-02 13:56:50.144 [restartedMain] INFO  o.s.b.w.e.tomcat.TomcatWebServer - Tomcat started on port(s): 8090 (http) with context path ''
2023-03-02 13:56:50.145 [restartedMain] INFO  o.s.c.n.e.s.EurekaAutoServiceRegistration - Updating port to 8090
2023-03-02 13:56:50.172 [DiscoveryClient-InstanceInfoReplicator-0] INFO  c.netflix.discovery.DiscoveryClient - DiscoveryClient_EUREKA-CLIENT-ONE/host.docker.internal:eureka-client-one:8090 - registration status: 204
2023-03-02 13:56:50.619 [restartedMain] INFO  rf.com.EurekaClientOneApplication - Started EurekaClientOneApplication in 7.017 seconds (JVM running for 7.787)
2023-03-02 14:05:48.587 [restartedMain] INFO  rf.com.EurekaClientOneApplication - Starting EurekaClientOneApplication using Java 11.0.12 on DESKTOP-F0492B7 with PID 52528 (C:\Users\PARKSANGSU\eclipse_201912-workspace\multi-module-sample-sspark\eureka-client-one\build\classes\java\main started by PARKSANGSU in C:\Users\PARKSANGSU\eclipse_201912-workspace\multi-module-sample-sspark)
2023-03-02 14:05:48.589 [restartedMain] INFO  rf.com.EurekaClientOneApplication - No active profile set, falling back to 1 default profile: "default"
2023-03-02 14:05:48.658 [restartedMain] INFO  o.s.b.d.e.DevToolsPropertyDefaultsPostProcessor - Devtools property defaults active! Set 'spring.devtools.add-properties' to 'false' to disable
2023-03-02 14:05:48.658 [restartedMain] INFO  o.s.b.d.e.DevToolsPropertyDefaultsPostProcessor - For additional web related logging consider setting the 'logging.level.web' property to 'DEBUG'
2023-03-02 14:05:50.007 [restartedMain] INFO  o.s.d.r.c.RepositoryConfigurationDelegate - Bootstrapping Spring Data Elasticsearch repositories in DEFAULT mode.
2023-03-02 14:05:50.028 [restartedMain] INFO  o.s.d.r.c.RepositoryConfigurationDelegate - Finished Spring Data repository scanning in 15 ms. Found 0 Elasticsearch repository interfaces.
2023-03-02 14:05:50.032 [restartedMain] INFO  o.s.d.r.c.RepositoryConfigurationDelegate - Bootstrapping Spring Data Reactive Elasticsearch repositories in DEFAULT mode.
2023-03-02 14:05:50.039 [restartedMain] INFO  o.s.d.r.c.RepositoryConfigurationDelegate - Finished Spring Data repository scanning in 6 ms. Found 0 Reactive Elasticsearch repository interfaces.
2023-03-02 14:05:50.318 [restartedMain] INFO  o.s.cloud.context.scope.GenericScope - BeanFactory id=a834cb9a-8397-3737-869a-2a5ae5b73649
2023-03-02 14:05:51.120 [restartedMain] INFO  o.s.b.w.e.tomcat.TomcatWebServer - Tomcat initialized with port(s): 8090 (http)
2023-03-02 14:05:51.134 [restartedMain] INFO  o.a.coyote.http11.Http11NioProtocol - Initializing ProtocolHandler ["http-nio-8090"]
2023-03-02 14:05:51.134 [restartedMain] INFO  o.a.catalina.core.StandardService - Starting service [Tomcat]
2023-03-02 14:05:51.135 [restartedMain] INFO  o.a.catalina.core.StandardEngine - Starting Servlet engine: [Apache Tomcat/9.0.69]
2023-03-02 14:05:51.369 [restartedMain] INFO  o.a.c.c.C.[Tomcat].[localhost].[/] - Initializing Spring embedded WebApplicationContext
2023-03-02 14:05:51.370 [restartedMain] INFO  o.s.b.w.s.c.ServletWebServerApplicationContext - Root WebApplicationContext: initialization completed in 2711 ms
2023-03-02 14:05:52.943 [restartedMain] INFO  o.s.b.a.e.web.EndpointLinksResolver - Exposing 1 endpoint(s) beneath base path '/actuator'
2023-03-02 14:05:53.211 [restartedMain] WARN  o.s.b.d.a.OptionalLiveReloadServer - Unable to start LiveReload server
2023-03-02 14:05:54.125 [restartedMain] INFO  o.s.c.n.e.c.DiscoveryClientOptionalArgsConfiguration - Eureka HTTP Client uses RestTemplate.
2023-03-02 14:05:54.197 [restartedMain] WARN  o.s.c.l.c.LoadBalancerCacheAutoConfiguration$LoadBalancerCaffeineWarnLogger - Spring Cloud LoadBalancer is currently working with the default cache. While this cache implementation is useful for development and tests, it's recommended to use Caffeine cache in production.You can switch to using Caffeine cache, by adding it and org.springframework.cache.caffeine.CaffeineCacheManager to the classpath.
2023-03-02 14:05:54.224 [restartedMain] INFO  o.s.c.n.eureka.InstanceInfoFactory - Setting initial instance status as: STARTING
2023-03-02 14:05:54.301 [restartedMain] INFO  c.netflix.discovery.DiscoveryClient - Initializing Eureka in region us-east-1
2023-03-02 14:05:54.309 [restartedMain] INFO  c.n.d.s.r.aws.ConfigClusterResolver - Resolving eureka endpoints via configuration
2023-03-02 14:05:54.339 [restartedMain] INFO  c.netflix.discovery.DiscoveryClient - Disable delta property : false
2023-03-02 14:05:54.340 [restartedMain] INFO  c.netflix.discovery.DiscoveryClient - Single vip registry refresh property : null
2023-03-02 14:05:54.340 [restartedMain] INFO  c.netflix.discovery.DiscoveryClient - Force full registry fetch : false
2023-03-02 14:05:54.340 [restartedMain] INFO  c.netflix.discovery.DiscoveryClient - Application is null : false
2023-03-02 14:05:54.340 [restartedMain] INFO  c.netflix.discovery.DiscoveryClient - Registered Applications size is zero : true
2023-03-02 14:05:54.340 [restartedMain] INFO  c.netflix.discovery.DiscoveryClient - Application version is -1: true
2023-03-02 14:05:54.340 [restartedMain] INFO  c.netflix.discovery.DiscoveryClient - Getting all instance registry info from the eureka server
2023-03-02 14:05:54.650 [restartedMain] INFO  c.netflix.discovery.DiscoveryClient - The response status is 200
2023-03-02 14:05:54.652 [restartedMain] INFO  c.netflix.discovery.DiscoveryClient - Starting heartbeat executor: renew interval is: 30
2023-03-02 14:05:54.655 [restartedMain] INFO  c.n.discovery.InstanceInfoReplicator - InstanceInfoReplicator onDemand update allowed rate per min is 4
2023-03-02 14:05:54.660 [restartedMain] INFO  c.netflix.discovery.DiscoveryClient - Discovery Client initialized at timestamp 1677733554659 with initial instances count: 0
2023-03-02 14:05:54.661 [restartedMain] INFO  o.s.c.n.e.s.EurekaServiceRegistry - Registering application EUREKA-CLIENT-ONE with eureka with status UP
2023-03-02 14:05:54.661 [restartedMain] INFO  c.netflix.discovery.DiscoveryClient - Saw local status change event StatusChangeEvent [timestamp=1677733554661, current=UP, previous=STARTING]
2023-03-02 14:05:54.663 [restartedMain] INFO  o.a.coyote.http11.Http11NioProtocol - Starting ProtocolHandler ["http-nio-8090"]
2023-03-02 14:05:54.663 [DiscoveryClient-InstanceInfoReplicator-0] INFO  c.netflix.discovery.DiscoveryClient - DiscoveryClient_EUREKA-CLIENT-ONE/host.docker.internal:eureka-client-one:8090: registering service...
2023-03-02 14:05:54.678 [restartedMain] INFO  o.s.b.w.e.tomcat.TomcatWebServer - Tomcat started on port(s): 8090 (http) with context path ''
2023-03-02 14:05:54.679 [restartedMain] INFO  o.s.c.n.e.s.EurekaAutoServiceRegistration - Updating port to 8090
2023-03-02 14:05:54.708 [DiscoveryClient-InstanceInfoReplicator-0] INFO  c.netflix.discovery.DiscoveryClient - DiscoveryClient_EUREKA-CLIENT-ONE/host.docker.internal:eureka-client-one:8090 - registration status: 204
2023-03-02 14:05:55.140 [restartedMain] INFO  rf.com.EurekaClientOneApplication - Started EurekaClientOneApplication in 7.617 seconds (JVM running for 8.336)
2023-03-02 14:06:24.666 [DiscoveryClient-CacheRefreshExecutor-0] INFO  c.netflix.discovery.DiscoveryClient - Disable delta property : false
2023-03-02 14:06:24.666 [DiscoveryClient-CacheRefreshExecutor-0] INFO  c.netflix.discovery.DiscoveryClient - Single vip registry refresh property : null
2023-03-02 14:06:24.666 [DiscoveryClient-CacheRefreshExecutor-0] INFO  c.netflix.discovery.DiscoveryClient - Force full registry fetch : false
2023-03-02 14:06:24.666 [DiscoveryClient-CacheRefreshExecutor-0] INFO  c.netflix.discovery.DiscoveryClient - Application is null : false
2023-03-02 14:06:24.666 [DiscoveryClient-CacheRefreshExecutor-0] INFO  c.netflix.discovery.DiscoveryClient - Registered Applications size is zero : true
2023-03-02 14:06:24.666 [DiscoveryClient-CacheRefreshExecutor-0] INFO  c.netflix.discovery.DiscoveryClient - Application version is -1: false
2023-03-02 14:06:24.666 [DiscoveryClient-CacheRefreshExecutor-0] INFO  c.netflix.discovery.DiscoveryClient - Getting all instance registry info from the eureka server
2023-03-02 14:06:24.687 [DiscoveryClient-CacheRefreshExecutor-0] INFO  c.netflix.discovery.DiscoveryClient - The response status is 200
2023-03-02 14:08:37.694 [http-nio-8090-exec-1] INFO  o.a.c.c.C.[Tomcat].[localhost].[/] - Initializing Spring DispatcherServlet 'dispatcherServlet'
2023-03-02 14:08:37.695 [http-nio-8090-exec-1] INFO  o.s.web.servlet.DispatcherServlet - Initializing Servlet 'dispatcherServlet'
2023-03-02 14:08:37.696 [http-nio-8090-exec-1] INFO  o.s.web.servlet.DispatcherServlet - Completed initialization in 1 ms
2023-03-02 14:10:54.352 [AsyncResolver-bootstrap-executor-0] INFO  c.n.d.s.r.aws.ConfigClusterResolver - Resolving eureka endpoints via configuration
2023-03-02 14:12:06.310 [http-nio-8090-exec-7] WARN  o.s.web.servlet.PageNotFound - No mapping for GET /favicon.ico
2023-03-02 14:15:54.355 [AsyncResolver-bootstrap-executor-0] INFO  c.n.d.s.r.aws.ConfigClusterResolver - Resolving eureka endpoints via configuration
2023-03-02 14:20:54.361 [AsyncResolver-bootstrap-executor-0] INFO  c.n.d.s.r.aws.ConfigClusterResolver - Resolving eureka endpoints via configuration
2023-03-02 14:25:54.375 [AsyncResolver-bootstrap-executor-0] INFO  c.n.d.s.r.aws.ConfigClusterResolver - Resolving eureka endpoints via configuration
2023-03-02 14:30:54.378 [AsyncResolver-bootstrap-executor-0] INFO  c.n.d.s.r.aws.ConfigClusterResolver - Resolving eureka endpoints via configuration
2023-03-02 14:35:54.388 [AsyncResolver-bootstrap-executor-0] INFO  c.n.d.s.r.aws.ConfigClusterResolver - Resolving eureka endpoints via configuration
2023-03-02 16:40:01.587 [restartedMain] INFO  rf.com.EurekaClientOneApplication - Starting EurekaClientOneApplication using Java 11.0.12 on DESKTOP-F0492B7 with PID 55156 (C:\Users\PARKSANGSU\eclipse_201912-workspace\multi-module-sample-sspark\eureka-client-one\build\classes\java\main started by PARKSANGSU in C:\Users\PARKSANGSU\eclipse_201912-workspace\multi-module-sample-sspark)
2023-03-02 16:40:01.588 [restartedMain] INFO  rf.com.EurekaClientOneApplication - No active profile set, falling back to 1 default profile: "default"
2023-03-02 16:40:01.638 [restartedMain] INFO  o.s.b.d.e.DevToolsPropertyDefaultsPostProcessor - Devtools property defaults active! Set 'spring.devtools.add-properties' to 'false' to disable
2023-03-02 16:40:01.638 [restartedMain] INFO  o.s.b.d.e.DevToolsPropertyDefaultsPostProcessor - For additional web related logging consider setting the 'logging.level.web' property to 'DEBUG'
2023-03-02 16:40:02.968 [restartedMain] INFO  o.s.d.r.c.RepositoryConfigurationDelegate - Bootstrapping Spring Data Elasticsearch repositories in DEFAULT mode.
2023-03-02 16:40:02.988 [restartedMain] INFO  o.s.d.r.c.RepositoryConfigurationDelegate - Finished Spring Data repository scanning in 13 ms. Found 0 Elasticsearch repository interfaces.
2023-03-02 16:40:02.992 [restartedMain] INFO  o.s.d.r.c.RepositoryConfigurationDelegate - Bootstrapping Spring Data Reactive Elasticsearch repositories in DEFAULT mode.
2023-03-02 16:40:02.997 [restartedMain] INFO  o.s.d.r.c.RepositoryConfigurationDelegate - Finished Spring Data repository scanning in 4 ms. Found 0 Reactive Elasticsearch repository interfaces.
2023-03-02 16:40:03.267 [restartedMain] INFO  o.s.cloud.context.scope.GenericScope - BeanFactory id=a834cb9a-8397-3737-869a-2a5ae5b73649
2023-03-02 16:40:04.033 [restartedMain] INFO  o.s.b.w.e.tomcat.TomcatWebServer - Tomcat initialized with port(s): 8090 (http)
2023-03-02 16:40:04.046 [restartedMain] INFO  o.a.coyote.http11.Http11NioProtocol - Initializing ProtocolHandler ["http-nio-8090"]
2023-03-02 16:40:04.046 [restartedMain] INFO  o.a.catalina.core.StandardService - Starting service [Tomcat]
2023-03-02 16:40:04.047 [restartedMain] INFO  o.a.catalina.core.StandardEngine - Starting Servlet engine: [Apache Tomcat/9.0.69]
2023-03-02 16:40:04.223 [restartedMain] INFO  o.a.c.c.C.[Tomcat].[localhost].[/] - Initializing Spring embedded WebApplicationContext
2023-03-02 16:40:04.223 [restartedMain] INFO  o.s.b.w.s.c.ServletWebServerApplicationContext - Root WebApplicationContext: initialization completed in 2584 ms
2023-03-02 16:40:05.655 [restartedMain] INFO  o.s.b.a.e.web.EndpointLinksResolver - Exposing 1 endpoint(s) beneath base path '/actuator'
2023-03-02 16:40:05.934 [restartedMain] WARN  o.s.b.d.a.OptionalLiveReloadServer - Unable to start LiveReload server
2023-03-02 16:40:06.681 [restartedMain] INFO  o.s.c.n.e.c.DiscoveryClientOptionalArgsConfiguration - Eureka HTTP Client uses RestTemplate.
2023-03-02 16:40:06.768 [restartedMain] WARN  o.s.c.l.c.LoadBalancerCacheAutoConfiguration$LoadBalancerCaffeineWarnLogger - Spring Cloud LoadBalancer is currently working with the default cache. While this cache implementation is useful for development and tests, it's recommended to use Caffeine cache in production.You can switch to using Caffeine cache, by adding it and org.springframework.cache.caffeine.CaffeineCacheManager to the classpath.
2023-03-02 16:40:06.799 [restartedMain] INFO  o.s.c.n.eureka.InstanceInfoFactory - Setting initial instance status as: STARTING
2023-03-02 16:40:06.885 [restartedMain] INFO  c.netflix.discovery.DiscoveryClient - Initializing Eureka in region us-east-1
2023-03-02 16:40:06.896 [restartedMain] INFO  c.n.d.s.r.aws.ConfigClusterResolver - Resolving eureka endpoints via configuration
2023-03-02 16:40:06.941 [restartedMain] INFO  c.netflix.discovery.DiscoveryClient - Disable delta property : false
2023-03-02 16:40:06.941 [restartedMain] INFO  c.netflix.discovery.DiscoveryClient - Single vip registry refresh property : null
2023-03-02 16:40:06.941 [restartedMain] INFO  c.netflix.discovery.DiscoveryClient - Force full registry fetch : false
2023-03-02 16:40:06.941 [restartedMain] INFO  c.netflix.discovery.DiscoveryClient - Application is null : false
2023-03-02 16:40:06.941 [restartedMain] INFO  c.netflix.discovery.DiscoveryClient - Registered Applications size is zero : true
2023-03-02 16:40:06.941 [restartedMain] INFO  c.netflix.discovery.DiscoveryClient - Application version is -1: true
2023-03-02 16:40:06.942 [restartedMain] INFO  c.netflix.discovery.DiscoveryClient - Getting all instance registry info from the eureka server
2023-03-02 16:40:07.299 [restartedMain] INFO  c.netflix.discovery.DiscoveryClient - The response status is 200
2023-03-02 16:40:07.301 [restartedMain] INFO  c.netflix.discovery.DiscoveryClient - Starting heartbeat executor: renew interval is: 30
2023-03-02 16:40:07.304 [restartedMain] INFO  c.n.discovery.InstanceInfoReplicator - InstanceInfoReplicator onDemand update allowed rate per min is 4
2023-03-02 16:40:07.308 [restartedMain] INFO  c.netflix.discovery.DiscoveryClient - Discovery Client initialized at timestamp 1677742807307 with initial instances count: 0
2023-03-02 16:40:07.309 [restartedMain] INFO  o.s.c.n.e.s.EurekaServiceRegistry - Registering application EUREKA-CLIENT-ONE with eureka with status UP
2023-03-02 16:40:07.310 [restartedMain] INFO  c.netflix.discovery.DiscoveryClient - Saw local status change event StatusChangeEvent [timestamp=1677742807310, current=UP, previous=STARTING]
2023-03-02 16:40:07.311 [restartedMain] INFO  o.a.coyote.http11.Http11NioProtocol - Starting ProtocolHandler ["http-nio-8090"]
2023-03-02 16:40:07.312 [DiscoveryClient-InstanceInfoReplicator-0] INFO  c.netflix.discovery.DiscoveryClient - DiscoveryClient_EUREKA-CLIENT-ONE/host.docker.internal:eureka-client-one:8090: registering service...
2023-03-02 16:40:07.326 [restartedMain] INFO  o.s.b.w.e.tomcat.TomcatWebServer - Tomcat started on port(s): 8090 (http) with context path ''
2023-03-02 16:40:07.326 [restartedMain] INFO  o.s.c.n.e.s.EurekaAutoServiceRegistration - Updating port to 8090
2023-03-02 16:40:07.429 [DiscoveryClient-InstanceInfoReplicator-0] INFO  c.netflix.discovery.DiscoveryClient - DiscoveryClient_EUREKA-CLIENT-ONE/host.docker.internal:eureka-client-one:8090 - registration status: 204
2023-03-02 16:40:07.772 [restartedMain] INFO  rf.com.EurekaClientOneApplication - Started EurekaClientOneApplication in 7.177 seconds (JVM running for 8.564)
2023-03-02 16:40:37.312 [DiscoveryClient-CacheRefreshExecutor-0] INFO  c.netflix.discovery.DiscoveryClient - Disable delta property : false
2023-03-02 16:40:37.312 [DiscoveryClient-CacheRefreshExecutor-0] INFO  c.netflix.discovery.DiscoveryClient - Single vip registry refresh property : null
2023-03-02 16:40:37.312 [DiscoveryClient-CacheRefreshExecutor-0] INFO  c.netflix.discovery.DiscoveryClient - Force full registry fetch : false
2023-03-02 16:40:37.312 [DiscoveryClient-CacheRefreshExecutor-0] INFO  c.netflix.discovery.DiscoveryClient - Application is null : false
2023-03-02 16:40:37.312 [DiscoveryClient-CacheRefreshExecutor-0] INFO  c.netflix.discovery.DiscoveryClient - Registered Applications size is zero : true
2023-03-02 16:40:37.312 [DiscoveryClient-CacheRefreshExecutor-0] INFO  c.netflix.discovery.DiscoveryClient - Application version is -1: false
2023-03-02 16:40:37.313 [DiscoveryClient-CacheRefreshExecutor-0] INFO  c.netflix.discovery.DiscoveryClient - Getting all instance registry info from the eureka server
2023-03-02 16:40:37.337 [DiscoveryClient-CacheRefreshExecutor-0] INFO  c.netflix.discovery.DiscoveryClient - The response status is 200
2023-03-02 16:42:09.580 [http-nio-8090-exec-1] INFO  o.a.c.c.C.[Tomcat].[localhost].[/] - Initializing Spring DispatcherServlet 'dispatcherServlet'
2023-03-02 16:42:09.581 [http-nio-8090-exec-1] INFO  o.s.web.servlet.DispatcherServlet - Initializing Servlet 'dispatcherServlet'
2023-03-02 16:42:09.583 [http-nio-8090-exec-1] INFO  o.s.web.servlet.DispatcherServlet - Completed initialization in 2 ms
2023-03-02 16:45:06.955 [AsyncResolver-bootstrap-executor-0] INFO  c.n.d.s.r.aws.ConfigClusterResolver - Resolving eureka endpoints via configuration
