2023-03-03 13:13:50.682 [restartedMain] INFO  rf.com.EurekaClientOneApplication - Starting EurekaClientOneApplication using Java 1.8.0_291 on DESKTOP-F0492B7 with PID 6668 (C:\Users\PARKSANGSU\eclipse_201912-workspace\multi-module-sample-sspark\eureka-client-one\bin\main started by PARKSANGSU in C:\Users\PARKSANGSU\eclipse_201912-workspace\multi-module-sample-sspark\eureka-client-one)
2023-03-03 13:13:50.687 [restartedMain] INFO  rf.com.EurekaClientOneApplication - No active profile set, falling back to 1 default profile: "default"
2023-03-03 13:13:50.729 [restartedMain] INFO  o.s.b.d.e.DevToolsPropertyDefaultsPostProcessor - Devtools property defaults active! Set 'spring.devtools.add-properties' to 'false' to disable
2023-03-03 13:13:50.730 [restartedMain] INFO  o.s.b.d.e.DevToolsPropertyDefaultsPostProcessor - For additional web related logging consider setting the 'logging.level.web' property to 'DEBUG'
2023-03-03 13:13:51.769 [restartedMain] INFO  o.s.d.r.c.RepositoryConfigurationDelegate - Bootstrapping Spring Data Elasticsearch repositories in DEFAULT mode.
2023-03-03 13:13:51.784 [restartedMain] INFO  o.s.d.r.c.RepositoryConfigurationDelegate - Finished Spring Data repository scanning in 10 ms. Found 0 Elasticsearch repository interfaces.
2023-03-03 13:13:51.788 [restartedMain] INFO  o.s.d.r.c.RepositoryConfigurationDelegate - Bootstrapping Spring Data Reactive Elasticsearch repositories in DEFAULT mode.
2023-03-03 13:13:51.792 [restartedMain] INFO  o.s.d.r.c.RepositoryConfigurationDelegate - Finished Spring Data repository scanning in 4 ms. Found 0 Reactive Elasticsearch repository interfaces.
2023-03-03 13:13:51.975 [restartedMain] INFO  o.s.cloud.context.scope.GenericScope - BeanFactory id=382b15f8-82dd-36ea-bfd0-43704cd5e32b
2023-03-03 13:13:52.370 [restartedMain] INFO  o.s.b.w.e.tomcat.TomcatWebServer - Tomcat initialized with port(s): 8090 (http)
2023-03-03 13:13:52.376 [restartedMain] INFO  o.a.coyote.http11.Http11NioProtocol - Initializing ProtocolHandler ["http-nio-8090"]
2023-03-03 13:13:52.376 [restartedMain] INFO  o.a.catalina.core.StandardService - Starting service [Tomcat]
2023-03-03 13:13:52.377 [restartedMain] INFO  o.a.catalina.core.StandardEngine - Starting Servlet engine: [Apache Tomcat/9.0.69]
2023-03-03 13:13:52.507 [restartedMain] INFO  o.a.c.c.C.[Tomcat].[localhost].[/] - Initializing Spring embedded WebApplicationContext
2023-03-03 13:13:52.507 [restartedMain] INFO  o.s.b.w.s.c.ServletWebServerApplicationContext - Root WebApplicationContext: initialization completed in 1777 ms
2023-03-03 13:13:53.763 [restartedMain] INFO  o.s.b.a.e.web.EndpointLinksResolver - Exposing 1 endpoint(s) beneath base path '/actuator'
2023-03-03 13:13:53.833 [restartedMain] WARN  o.s.b.d.a.OptionalLiveReloadServer - Unable to start LiveReload server
2023-03-03 13:13:54.390 [restartedMain] INFO  o.s.c.n.e.c.DiscoveryClientOptionalArgsConfiguration - Eureka HTTP Client uses RestTemplate.
2023-03-03 13:13:54.435 [restartedMain] WARN  o.s.c.l.c.LoadBalancerCacheAutoConfiguration$LoadBalancerCaffeineWarnLogger - Spring Cloud LoadBalancer is currently working with the default cache. While this cache implementation is useful for development and tests, it's recommended to use Caffeine cache in production.You can switch to using Caffeine cache, by adding it and org.springframework.cache.caffeine.CaffeineCacheManager to the classpath.
2023-03-03 13:13:54.506 [restartedMain] INFO  o.s.c.n.eureka.InstanceInfoFactory - Setting initial instance status as: STARTING
2023-03-03 13:13:54.535 [restartedMain] INFO  c.netflix.discovery.DiscoveryClient - Initializing Eureka in region us-east-1
2023-03-03 13:13:54.539 [restartedMain] INFO  c.n.d.s.r.aws.ConfigClusterResolver - Resolving eureka endpoints via configuration
2023-03-03 13:13:54.555 [restartedMain] INFO  c.netflix.discovery.DiscoveryClient - Disable delta property : false
2023-03-03 13:13:54.555 [restartedMain] INFO  c.netflix.discovery.DiscoveryClient - Single vip registry refresh property : null
2023-03-03 13:13:54.555 [restartedMain] INFO  c.netflix.discovery.DiscoveryClient - Force full registry fetch : false
2023-03-03 13:13:54.556 [restartedMain] INFO  c.netflix.discovery.DiscoveryClient - Application is null : false
2023-03-03 13:13:54.556 [restartedMain] INFO  c.netflix.discovery.DiscoveryClient - Registered Applications size is zero : true
2023-03-03 13:13:54.556 [restartedMain] INFO  c.netflix.discovery.DiscoveryClient - Application version is -1: true
2023-03-03 13:13:54.556 [restartedMain] INFO  c.netflix.discovery.DiscoveryClient - Getting all instance registry info from the eureka server
2023-03-03 13:13:54.735 [restartedMain] INFO  c.netflix.discovery.DiscoveryClient - The response status is 200
2023-03-03 13:13:54.737 [restartedMain] INFO  c.netflix.discovery.DiscoveryClient - Starting heartbeat executor: renew interval is: 30
2023-03-03 13:13:54.739 [restartedMain] INFO  c.n.discovery.InstanceInfoReplicator - InstanceInfoReplicator onDemand update allowed rate per min is 4
2023-03-03 13:13:54.743 [restartedMain] INFO  c.netflix.discovery.DiscoveryClient - Discovery Client initialized at timestamp 1677816834742 with initial instances count: 3
2023-03-03 13:13:54.744 [restartedMain] INFO  o.s.c.n.e.s.EurekaServiceRegistry - Registering application EUREKA-CLIENT-ONE with eureka with status UP
2023-03-03 13:13:54.744 [restartedMain] INFO  c.netflix.discovery.DiscoveryClient - Saw local status change event StatusChangeEvent [timestamp=1677816834744, current=UP, previous=STARTING]
2023-03-03 13:13:54.745 [restartedMain] INFO  o.a.coyote.http11.Http11NioProtocol - Starting ProtocolHandler ["http-nio-8090"]
2023-03-03 13:13:54.746 [DiscoveryClient-InstanceInfoReplicator-0] INFO  c.netflix.discovery.DiscoveryClient - DiscoveryClient_EUREKA-CLIENT-ONE/host.docker.internal:eureka-client-one:8090: registering service...
2023-03-03 13:13:54.748 [restartedMain] WARN  o.s.b.w.s.c.AnnotationConfigServletWebServerApplicationContext - Exception encountered during context initialization - cancelling refresh attempt: org.springframework.context.ApplicationContextException: Failed to start bean 'webServerStartStop'; nested exception is org.springframework.boot.web.server.PortInUseException: Port 8090 is already in use
2023-03-03 13:13:54.755 [restartedMain] INFO  c.netflix.discovery.DiscoveryClient - Shutting down DiscoveryClient ...
2023-03-03 13:13:54.781 [DiscoveryClient-InstanceInfoReplicator-0] INFO  c.netflix.discovery.DiscoveryClient - DiscoveryClient_EUREKA-CLIENT-ONE/host.docker.internal:eureka-client-one:8090 - registration status: 204
2023-03-03 13:13:54.782 [restartedMain] INFO  c.netflix.discovery.DiscoveryClient - Unregistering ...
2023-03-03 13:13:54.786 [restartedMain] INFO  c.netflix.discovery.DiscoveryClient - DiscoveryClient_EUREKA-CLIENT-ONE/host.docker.internal:eureka-client-one:8090 - deregister  status: 200
2023-03-03 13:13:54.790 [restartedMain] INFO  c.netflix.discovery.DiscoveryClient - Completed shut down of DiscoveryClient
2023-03-03 13:13:54.791 [restartedMain] INFO  o.a.coyote.http11.Http11NioProtocol - Pausing ProtocolHandler ["http-nio-8090"]
2023-03-03 13:13:54.791 [restartedMain] INFO  o.a.catalina.core.StandardService - Stopping service [Tomcat]
2023-03-03 13:13:54.795 [restartedMain] INFO  o.a.coyote.http11.Http11NioProtocol - Stopping ProtocolHandler ["http-nio-8090"]
2023-03-03 13:13:54.796 [restartedMain] INFO  o.a.coyote.http11.Http11NioProtocol - Destroying ProtocolHandler ["http-nio-8090"]
2023-03-03 13:13:54.805 [restartedMain] INFO  o.s.b.a.l.ConditionEvaluationReportLoggingListener - 

Error starting ApplicationContext. To display the conditions report re-run your application with 'debug' enabled.
2023-03-03 13:13:54.825 [restartedMain] ERROR o.s.b.d.LoggingFailureAnalysisReporter - 

***************************
APPLICATION FAILED TO START
***************************

Description:

Web server failed to start. Port 8090 was already in use.

Action:

Identify and stop the process that's listening on port 8090 or configure this application to listen on another port.

